<?xml version="1.0" encoding="UTF-8" ?>
<testsuite errors="0" failures="0" hostname="cesar-Inspiron-3443" name="domain.TestaGenerateListOfTiles" skipped="0" tests="3" time="0.114" timestamp="2017-09-21T16:25:57">
  <properties>
    <property name="ant.project.invoked-targets" value="all-report" />
    <property name="java.runtime.name" value="OpenJDK Runtime Environment" />
    <property name="sun.boot.library.path" value="/usr/lib/jvm/java-8-openjdk-amd64/jre/lib/amd64" />
    <property name="java.vm.version" value="25.131-b11" />
    <property name="ant.library.dir" value="/home/cesar/.p2/pool/plugins/org.apache.ant_1.10.1.v20170504-0840/lib" />
    <property name="user.country.format" value="BR" />
    <property name="test.home" value="/home/cesar/eclipse-workspace/TesteEightPuzzle/test" />
    <property name="ant.version" value="Apache Ant(TM) version 1.10.1 compiled on February 2 2017" />
    <property name="ant.java.version" value="1.8" />
    <property name="java.vm.vendor" value="Oracle Corporation" />
    <property name="java.vendor.url" value="http://java.oracle.com/" />
    <property name="path.separator" value=":" />
    <property name="java.vm.name" value="OpenJDK 64-Bit Server VM" />
    <property name="file.encoding.pkg" value="sun.io" />
    <property name="user.country" value="US" />
    <property name="sun.java.launcher" value="SUN_STANDARD" />
    <property name="sun.os.patch.level" value="unknown" />
    <property name="java.vm.specification.name" value="Java Virtual Machine Specification" />
    <property name="user.dir" value="/home/cesar/eclipse-workspace/TesteEightPuzzle/scova" />
    <property name="java.runtime.version" value="1.8.0_131-8u131-b11-2ubuntu1.16.04.3-b11" />
    <property name="java.awt.graphicsenv" value="sun.awt.X11GraphicsEnvironment" />
    <property name="basedir" value="/home/cesar/eclipse-workspace/scova/build" />
    <property name="java.endorsed.dirs" value="/usr/lib/jvm/java-8-openjdk-amd64/jre/lib/endorsed" />
    <property name="os.arch" value="amd64" />
    <property name="ant.project.default-target" value="all" />
    <property name="java.io.tmpdir" value="/tmp" />
    <property name="ant.core.lib" value="/home/cesar/.p2/pool/plugins/org.apache.ant_1.10.1.v20170504-0840/lib/ant.jar" />
    <property name="line.separator" value="&#xa;" />
    <property name="java.vm.specification.vendor" value="Oracle Corporation" />
    <property name="os.name" value="Linux" />
    <property name="ant.home" value="/home/cesar/.p2/pool/plugins/org.apache.ant_1.10.1.v20170504-0840" />
    <property name="project.output.folder" value="/home/cesar/eclipse-workspace/TesteEightPuzzle/scova" />
    <property name="scova.classpath" value="../bin;../deps/asm-debug-all-4.1.jar;../deps/commons-io-2.4.jar;../deps/junit-4.10.jar;C:/Users/Aniceto/workspace/junit_original/lib/hamcrest-core-1.3.jar" />
    <property name="sun.jnu.encoding" value="UTF-8" />
    <property name="java.library.path" value="/usr/java/packages/lib/amd64:/usr/lib/x86_64-linux-gnu/jni:/lib/x86_64-linux-gnu:/usr/lib/x86_64-linux-gnu:/usr/lib/jni:/lib:/usr/lib" />
    <property name="java.specification.name" value="Java Platform API Specification" />
    <property name="java.class.version" value="52.0" />
    <property name="sun.management.compiler" value="HotSpot 64-Bit Tiered Compilers" />
    <property name="project.output.classpath" value="/home/cesar/eclipse-workspace/TesteEightPuzzle/scova" />
    <property name="os.version" value="4.10.0-28-generic" />
    <property name="ant.file" value="/home/cesar/eclipse-workspace/scova/build/build.xml" />
    <property name="user.home" value="/home/cesar" />
    <property name="user.timezone" value="" />
    <property name="java.awt.printerjob" value="sun.print.PSPrinterJob" />
    <property name="java.specification.version" value="1.8" />
    <property name="file.encoding" value="UTF-8" />
    <property name="project.input.classpath" value="/home/cesar/eclipse-workspace/TesteEightPuzzle/bin" />
    <property name="user.name" value="cesar" />
    <property name="java.class.path" value="/home/cesar/eclipse-workspace/TesteEightPuzzle/scova:/home/cesar/eclipse-workspace/scova/lib/bin:/home/cesar/eclipse-workspace/scova/deps/junit-4.10.jar:/home/cesar/.p2/pool/plugins/org.apache.ant_1.10.1.v20170504-0840/lib/ant-launcher.jar:/home/cesar/.p2/pool/plugins/org.apache.ant_1.10.1.v20170504-0840/lib/ant.jar:/home/cesar/.p2/pool/plugins/org.apache.ant_1.10.1.v20170504-0840/lib/ant-junit.jar:/home/cesar/.p2/pool/plugins/org.apache.ant_1.10.1.v20170504-0840/lib/ant-junit4.jar" />
    <property name="java.vm.specification.version" value="1.8" />
    <property name="java.home" value="/usr/lib/jvm/java-8-openjdk-amd64/jre" />
    <property name="sun.java.command" value="org.apache.tools.ant.taskdefs.optional.junit.JUnitTestRunner domain.TestaGenerateListOfTiles skipNonTests=false filtertrace=true haltOnError=false haltOnFailure=false formatter=org.apache.tools.ant.taskdefs.optional.junit.OutErrSummaryJUnitResultFormatter showoutput=true outputtoformatters=true logfailedtests=true threadid=0 logtestlistenerevents=false formatter=org.apache.tools.ant.taskdefs.optional.junit.XMLJUnitResultFormatter,/home/cesar/eclipse-workspace/TesteEightPuzzle/scova/TEST-domain.TestaGenerateListOfTiles.xml crashfile=/home/cesar/eclipse-workspace/scova/build/junitvmwatcher1038044021718367227.properties propsfile=/home/cesar/eclipse-workspace/scova/build/junit6778963000683951596.properties" />
    <property name="sun.arch.data.model" value="64" />
    <property name="project.input.folder" value="/home/cesar/eclipse-workspace/TesteEightPuzzle/bin" />
    <property name="java.specification.vendor" value="Oracle Corporation" />
    <property name="user.language" value="en" />
    <property name="user.language.format" value="pt" />
    <property name="awt.toolkit" value="sun.awt.X11.XToolkit" />
    <property name="java.vm.info" value="mixed mode" />
    <property name="java.version" value="1.8.0_131" />
    <property name="java.ext.dirs" value="/usr/lib/jvm/java-8-openjdk-amd64/jre/lib/ext:/usr/java/packages/lib/ext" />
    <property name="sun.boot.class.path" value="/usr/lib/jvm/java-8-openjdk-amd64/jre/lib/resources.jar:/usr/lib/jvm/java-8-openjdk-amd64/jre/lib/rt.jar:/usr/lib/jvm/java-8-openjdk-amd64/jre/lib/sunrsasign.jar:/usr/lib/jvm/java-8-openjdk-amd64/jre/lib/jsse.jar:/usr/lib/jvm/java-8-openjdk-amd64/jre/lib/jce.jar:/usr/lib/jvm/java-8-openjdk-amd64/jre/lib/charsets.jar:/usr/lib/jvm/java-8-openjdk-amd64/jre/lib/jfr.jar:/usr/lib/jvm/java-8-openjdk-amd64/jre/classes" />
    <property name="java.vendor" value="Oracle Corporation" />
    <property name="file.separator" value="/" />
    <property name="java.vendor.url.bug" value="http://bugreport.sun.com/bugreport/" />
    <property name="sun.cpu.endian" value="little" />
    <property name="sun.io.unicode.encoding" value="UnicodeLittle" />
    <property name="sun.desktop" value="gnome" />
    <property name="sun.cpu.isalist" value="" />
    <property name="" value="/home/cesar/.p2/pool/plugins/org.hamcrest.core_1.3.0.v201303031735.jar" />
  </properties>
  <testcase classname="domain.TestaGenerateListOfTiles" name="generateListOfTiles_1tiles" time="0.02" />
  <testcase classname="domain.TestaGenerateListOfTiles" name="generateListOfTiles_2tiles" time="0.004" />
  <testcase classname="domain.TestaGenerateListOfTiles" name="generateListOfTiles_0tiles" time="0.002" />
  <system-out><![CDATA[--------------------------------------
Begin test capture for : domain/TestaGenerateListOfTiles.generateListOfTiles_1tiles()V
State Coverage Report for domain/TestaGenerateListOfTiles.generateListOfTiles_1tiles()V
Modified states: 2 [ "domain/Tile.hash", "domain/Tile.number" ]
Covered states: 2 [ "domain/Tile.number", "domain/TestaGenerateListOfTiles.game" ]
State Coverage: 0.5
End test capture for : domain/TestaGenerateListOfTiles.generateListOfTiles_1tiles()V
--------------------------------------
--------------------------------------
Begin test capture for : domain/TestaGenerateListOfTiles.generateListOfTiles_2tiles()V
State Coverage Report for domain/TestaGenerateListOfTiles.generateListOfTiles_2tiles()V
Modified states: 2 [ "domain/Tile.hash", "domain/Tile.number" ]
Covered states: 2 [ "domain/Tile.number", "domain/TestaGenerateListOfTiles.game" ]
State Coverage: 0.5
End test capture for : domain/TestaGenerateListOfTiles.generateListOfTiles_2tiles()V
--------------------------------------
--------------------------------------
Begin test capture for : domain/TestaGenerateListOfTiles.generateListOfTiles_0tiles()V
State Coverage Report for domain/TestaGenerateListOfTiles.generateListOfTiles_0tiles()V
Modified states: 0 [  ]
Covered states: 1 [ "domain/TestaGenerateListOfTiles.game" ]
State Coverage: 0.0
End test capture for : domain/TestaGenerateListOfTiles.generateListOfTiles_0tiles()V
--------------------------------------
]]></system-out>
  <system-err><![CDATA[]]></system-err>
</testsuite>
